{
  "stats": {
    "suites": 1,
    "tests": 1,
    "passes": 1,
    "pending": 0,
    "failures": 0,
    "start": "2022-05-14T15:47:39.511Z",
    "end": "2022-05-14T15:47:51.729Z",
    "duration": 12218,
    "testsRegistered": 1,
    "passPercent": 100,
    "pendingPercent": 0,
    "other": 0,
    "hasOther": false,
    "skipped": 0,
    "hasSkipped": false
  },
  "results": [
    {
      "uuid": "7c88cbfd-d8c2-4a7f-a73c-4b816b105b81",
      "title": "",
      "fullFile": "cypress/integration/GreenKart/Test2.js",
      "file": "cypress/integration/GreenKart/Test2.js",
      "beforeHooks": [],
      "afterHooks": [],
      "tests": [],
      "suites": [
        {
          "uuid": "1b965421-947e-437d-9020-a9a80ee697da",
          "title": "My Seecond Test",
          "fullFile": "",
          "file": "",
          "beforeHooks": [],
          "afterHooks": [],
          "tests": [
            {
              "title": "Should add items to cart after selection",
              "fullTitle": "My Seecond Test Should add items to cart after selection",
              "timedOut": null,
              "duration": 9820,
              "state": "passed",
              "speed": "medium",
              "pass": true,
              "fail": false,
              "pending": false,
              "context": null,
              "code": "cy.visit(\"https://rahulshettyacademy.com/seleniumPractise/#/\");\ncy.get('.search-keyword').type(\"ca\");\ncy.wait(2000);\ncy.get('.products').as('productLocator');\ncy.get('@productLocator').find('.product').should('have.length', 4);\ncy.get('@productLocator').find('.product').each(($el, index, $list) => {\n  const textVeg = $el.find('h4.product-name').text();\n  if (textVeg.includes(\"Cashews\")) {\n    cy.wrap($el).find('button').click();\n  }\n});\ncy.get('.cart-icon > img').click();\ncy.contains('PROCEED TO CHECKOUT').click();\ncy.get(':nth-child(14)').click();",
              "err": {},
              "uuid": "1a3f573b-81c6-42d1-82d8-9cb1c6662ec2",
              "parentUUID": "1b965421-947e-437d-9020-a9a80ee697da",
              "isHook": false,
              "skipped": false
            }
          ],
          "suites": [],
          "passes": [
            "1a3f573b-81c6-42d1-82d8-9cb1c6662ec2"
          ],
          "failures": [],
          "pending": [],
          "skipped": [],
          "duration": 9820,
          "root": false,
          "rootEmpty": false,
          "_timeout": 2000
        }
      ],
      "passes": [],
      "failures": [],
      "pending": [],
      "skipped": [],
      "duration": 0,
      "root": true,
      "rootEmpty": true,
      "_timeout": 2000
    }
  ],
  "meta": {
    "mocha": {
      "version": "7.0.1"
    },
    "mochawesome": {
      "options": {
        "quiet": false,
        "reportFilename": "mochawesome",
        "saveHtml": true,
        "saveJson": true,
        "consoleReporter": "spec",
        "useInlineDiffs": false,
        "code": true
      },
      "version": "7.1.3"
    },
    "marge": {
      "options": null,
      "version": "6.2.0"
    }
  }
}